0 info it worked if it ends with ok
1 verbose cli [ '/usr/bin/nodejs', '/usr/bin/npm', 'link', 'mongodb' ]
2 info using npm@2.15.1
3 info using node@v4.4.3
4 verbose install where, what [ '/usr/lib', [ 'mongodb' ] ]
5 verbose install initial load of /usr/lib/package.json
6 verbose installManyTop reading scoped package data from /usr/lib/node_modules/npm/package.json
7 info package.json npm@2.15.1 Non-dependency in bundleDependencies: ansi-regex
8 info package.json npm@2.15.1 Non-dependency in bundleDependencies: imurmurhash
9 verbose readDependencies loading dependencies from /usr/lib/package.json
10 silly cache add args [ 'mongodb', null ]
11 verbose cache add spec mongodb
12 silly cache add parsed spec Result {
12 silly cache add   raw: 'mongodb',
12 silly cache add   scope: null,
12 silly cache add   name: 'mongodb',
12 silly cache add   rawSpec: '',
12 silly cache add   spec: 'latest',
12 silly cache add   type: 'tag' }
13 silly addNamed mongodb@latest
14 verbose addNamed "latest" is being treated as a dist-tag for mongodb
15 info addNameTag [ 'mongodb', 'latest' ]
16 silly mapToRegistry name mongodb
17 silly mapToRegistry using default registry
18 silly mapToRegistry registry https://registry.npmjs.org/
19 silly mapToRegistry data Result {
19 silly mapToRegistry   raw: 'mongodb',
19 silly mapToRegistry   scope: null,
19 silly mapToRegistry   name: 'mongodb',
19 silly mapToRegistry   rawSpec: '',
19 silly mapToRegistry   spec: 'latest',
19 silly mapToRegistry   type: 'tag' }
20 silly mapToRegistry uri https://registry.npmjs.org/mongodb
21 verbose addNameTag registry:https://registry.npmjs.org/mongodb not in flight; fetching
22 verbose request uri https://registry.npmjs.org/mongodb
23 verbose request no auth needed
24 info attempt registry request try #1 at 4:34:56 PM
25 verbose request id fb04b86ce3c45c9c
26 http request GET https://registry.npmjs.org/mongodb
27 http 200 https://registry.npmjs.org/mongodb
28 verbose headers { server: 'CouchDB/1.5.0 (Erlang OTP/R16B03)',
28 verbose headers   etag: '"5MEX6NEVUFOEUSTOYLQB0GWBO"',
28 verbose headers   'content-type': 'application/json',
28 verbose headers   'cache-control': 'max-age=300',
28 verbose headers   'content-length': '532104',
28 verbose headers   'accept-ranges': 'bytes',
28 verbose headers   date: 'Thu, 14 Apr 2016 20:34:56 GMT',
28 verbose headers   via: '1.1 varnish',
28 verbose headers   age: '37',
28 verbose headers   connection: 'keep-alive',
28 verbose headers   'x-served-by': 'cache-atl6245-ATL',
28 verbose headers   'x-cache': 'HIT',
28 verbose headers   'x-cache-hits': '1',
28 verbose headers   'x-timer': 'S1460666096.527503,VS0,VE0',
28 verbose headers   vary: 'Accept-Encoding' }
29 silly get cb [ 200,
29 silly get   { server: 'CouchDB/1.5.0 (Erlang OTP/R16B03)',
29 silly get     etag: '"5MEX6NEVUFOEUSTOYLQB0GWBO"',
29 silly get     'content-type': 'application/json',
29 silly get     'cache-control': 'max-age=300',
29 silly get     'content-length': '532104',
29 silly get     'accept-ranges': 'bytes',
29 silly get     date: 'Thu, 14 Apr 2016 20:34:56 GMT',
29 silly get     via: '1.1 varnish',
29 silly get     age: '37',
29 silly get     connection: 'keep-alive',
29 silly get     'x-served-by': 'cache-atl6245-ATL',
29 silly get     'x-cache': 'HIT',
29 silly get     'x-cache-hits': '1',
29 silly get     'x-timer': 'S1460666096.527503,VS0,VE0',
29 silly get     vary: 'Accept-Encoding' } ]
30 verbose get saving mongodb to /home/ambush/.npm/registry.npmjs.org/mongodb/.cache.json
31 verbose correctMkdir /home/ambush/.npm correctMkdir not in flight; initializing
32 verbose makeDirectory /home/ambush/.npm creation not in flight; initializing
33 silly makeDirectory /home/ambush/.npm uid: 1001 gid: 1001
34 silly addNameTag next cb for mongodb with tag latest
35 silly addNamed mongodb@2.1.16
36 verbose addNamed "2.1.16" is a plain semver version for mongodb
37 silly mapToRegistry name mongodb
38 silly mapToRegistry using default registry
39 silly mapToRegistry registry https://registry.npmjs.org/
40 silly mapToRegistry data Result {
40 silly mapToRegistry   raw: 'mongodb',
40 silly mapToRegistry   scope: null,
40 silly mapToRegistry   name: 'mongodb',
40 silly mapToRegistry   rawSpec: '',
40 silly mapToRegistry   spec: 'latest',
40 silly mapToRegistry   type: 'tag' }
41 silly mapToRegistry uri https://registry.npmjs.org/mongodb
42 verbose addRemoteTarball https://registry.npmjs.org/mongodb/-/mongodb-2.1.16.tgz not in flight; adding
43 verbose addRemoteTarball [ 'https://registry.npmjs.org/mongodb/-/mongodb-2.1.16.tgz',
43 verbose addRemoteTarball   '8501a7465574ef4b605c46c98cd6bd57fc4968fa' ]
44 info retry fetch attempt 1 at 4:34:56 PM
45 info attempt registry request try #1 at 4:34:56 PM
46 http fetch GET https://registry.npmjs.org/mongodb/-/mongodb-2.1.16.tgz
47 http fetch 200 https://registry.npmjs.org/mongodb/-/mongodb-2.1.16.tgz
48 silly fetchAndShaCheck shasum 8501a7465574ef4b605c46c98cd6bd57fc4968fa
49 verbose addTmpTarball /tmp/npm-31672-dab4c9a5/registry.npmjs.org/mongodb/-/mongodb-2.1.16.tgz not in flight; adding
50 verbose addTmpTarball already have metadata; skipping unpack for mongodb@2.1.16
51 verbose correctMkdir /home/ambush/.npm correctMkdir not in flight; initializing
52 silly cache afterAdd mongodb@2.1.16
53 verbose afterAdd /home/ambush/.npm/mongodb/2.1.16/package/package.json not in flight; writing
54 verbose correctMkdir /home/ambush/.npm correctMkdir not in flight; initializing
55 verbose afterAdd /home/ambush/.npm/mongodb/2.1.16/package/package.json written
56 silly install resolved [ { name: 'mongodb',
56 silly install resolved     version: '2.1.16',
56 silly install resolved     description: 'The official MongoDB driver for Node.js',
56 silly install resolved     main: 'index.js',
56 silly install resolved     repository:
56 silly install resolved      { type: 'git',
56 silly install resolved        url: 'git@github.com:mongodb/node-mongodb-native.git' },
56 silly install resolved     keywords: [ 'mongodb', 'driver', 'legacy' ],
56 silly install resolved     dependencies:
56 silly install resolved      { 'es6-promise': '3.0.2',
56 silly install resolved        'mongodb-core': '1.3.16',
56 silly install resolved        'readable-stream': '1.0.31' },
56 silly install resolved     devDependencies:
56 silly install resolved      { JSONStream: '^1.0.7',
56 silly install resolved        betterbenchmarks: '^0.1.0',
56 silly install resolved        bluebird: '2.9.27',
56 silly install resolved        bson: '^0.4.20',
56 silly install resolved        'cli-table': '^0.3.1',
56 silly install resolved        co: '4.5.4',
56 silly install resolved        colors: '^1.1.2',
56 silly install resolved        coveralls: '^2.11.6',
56 silly install resolved        'event-stream': '^3.3.2',
56 silly install resolved        gleak: '0.5.0',
56 silly install resolved        integra: '0.1.8',
56 silly install resolved        jsdoc: '3.3.0-beta3',
56 silly install resolved        'ldjson-stream': '^1.2.1',
56 silly install resolved        'mongodb-extended-json': '1.3.0',
56 silly install resolved        'mongodb-topology-manager': '1.0.x',
56 silly install resolved        'mongodb-version-manager': '^0.8.10',
56 silly install resolved        nyc: '^5.5.0',
56 silly install resolved        optimist: '0.6.1',
56 silly install resolved        rimraf: '2.2.6',
56 silly install resolved        semver: '4.1.0',
56 silly install resolved        'worker-farm': '^1.3.1' },
56 silly install resolved     author: { name: 'Christian Kvalheim' },
56 silly install resolved     license: 'Apache-2.0',
56 silly install resolved     engines: { node: '>=0.10.3' },
56 silly install resolved     bugs: { url: 'https://github.com/mongodb/node-mongodb-native/issues' },
56 silly install resolved     scripts:
56 silly install resolved      { test: 'node test/runner.js -t functional',
56 silly install resolved        coverage: 'nyc node test/runner.js -t functional && node_modules/.bin/nyc report --reporter=text-lcov | node_modules/.bin/coveralls' },
56 silly install resolved     nyc: { include: [Object] },
56 silly install resolved     homepage: 'https://github.com/mongodb/node-mongodb-native',
56 silly install resolved     gitHead: '032faf8e4ef0704dbc2e33a2acf8e3d461ef19bb',
56 silly install resolved     _id: 'mongodb@2.1.16',
56 silly install resolved     _shasum: '8501a7465574ef4b605c46c98cd6bd57fc4968fa',
56 silly install resolved     _from: 'mongodb@latest',
56 silly install resolved     _npmVersion: '2.15.0',
56 silly install resolved     _nodeVersion: '4.4.2',
56 silly install resolved     _npmUser: { name: 'christkv', email: 'christkv@gmail.com' },
56 silly install resolved     maintainers: [ [Object] ],
56 silly install resolved     dist:
56 silly install resolved      { shasum: '8501a7465574ef4b605c46c98cd6bd57fc4968fa',
56 silly install resolved        tarball: 'https://registry.npmjs.org/mongodb/-/mongodb-2.1.16.tgz' },
56 silly install resolved     _npmOperationalInternal:
56 silly install resolved      { host: 'packages-12-west.internal.npmjs.com',
56 silly install resolved        tmp: 'tmp/mongodb-2.1.16.tgz_1460061610565_0.7594260207843035' },
56 silly install resolved     directories: {},
56 silly install resolved     _resolved: 'https://registry.npmjs.org/mongodb/-/mongodb-2.1.16.tgz' } ]
57 info install mongodb@2.1.16 into /usr/lib
58 info installOne mongodb@2.1.16
59 verbose installOne of mongodb to /usr/lib not in flight; installing
60 verbose correctMkdir /home/ambush/.npm/_locks correctMkdir not in flight; initializing
61 verbose makeDirectory /home/ambush/.npm/_locks creation not in flight; initializing
62 silly makeDirectory /home/ambush/.npm/_locks uid: 1001 gid: 1001
63 verbose lock using /home/ambush/.npm/_locks/mongodb-de2d8a4b40b0fde5.lock for /usr/lib/node_modules/mongodb
64 silly install write writing mongodb 2.1.16 to /usr/lib/node_modules/mongodb
65 verbose unbuild
66 silly gentlyRm /usr/lib/node_modules/mongodb is being purged from base /usr/lib/node_modules/mongodb
67 verbose gentlyRm don't care about contents; nuking /usr/lib/node_modules/mongodb
68 verbose tar unpack /home/ambush/.npm/mongodb/2.1.16/package.tgz
69 verbose tar unpacking to /usr/lib/node_modules/mongodb
70 silly gentlyRm /usr/lib/node_modules/mongodb is being purged
71 verbose gentlyRm don't care about contents; nuking /usr/lib/node_modules/mongodb
72 silly gunzTarPerm modes [ '775', '664' ]
73 error tar.unpack untar error /home/ambush/.npm/mongodb/2.1.16/package.tgz
74 verbose unlock done using /home/ambush/.npm/_locks/mongodb-de2d8a4b40b0fde5.lock for /usr/lib/node_modules/mongodb
75 verbose fstream_path /usr/lib/node_modules/mongodb
76 verbose fstream_type Directory
77 verbose fstream_class DirWriter
78 verbose stack Error: EACCES: permission denied, mkdir '/usr/lib/node_modules/mongodb'
78 verbose stack     at Error (native)
79 verbose fstream_stack /usr/lib/node_modules/npm/node_modules/fstream/lib/dir-writer.js:35:25
79 verbose fstream_stack /usr/lib/node_modules/npm/node_modules/mkdirp/index.js:47:53
79 verbose fstream_stack FSReqWrap.oncomplete (fs.js:82:15)
80 verbose cwd /usr/share/nginx/html/ambush/home/classes/videos/watch
81 error Linux 3.13.0-57-generic
82 error argv "/usr/bin/nodejs" "/usr/bin/npm" "link" "mongodb"
83 error node v4.4.3
84 error npm  v2.15.1
85 error path /usr/lib/node_modules/mongodb
86 error code EACCES
87 error errno -13
88 error syscall mkdir
89 error Error: EACCES: permission denied, mkdir '/usr/lib/node_modules/mongodb'
89 error     at Error (native)
89 error  { [Error: EACCES: permission denied, mkdir '/usr/lib/node_modules/mongodb']
89 error   errno: -13,
89 error   code: 'EACCES',
89 error   syscall: 'mkdir',
89 error   path: '/usr/lib/node_modules/mongodb',
89 error   fstream_type: 'Directory',
89 error   fstream_path: '/usr/lib/node_modules/mongodb',
89 error   fstream_class: 'DirWriter',
89 error   fstream_stack:
89 error    [ '/usr/lib/node_modules/npm/node_modules/fstream/lib/dir-writer.js:35:25',
89 error      '/usr/lib/node_modules/npm/node_modules/mkdirp/index.js:47:53',
89 error      'FSReqWrap.oncomplete (fs.js:82:15)' ] }
90 error Please try running this command again as root/Administrator.
91 verbose exit [ -13, true ]
92 verbose unbuild
93 silly gentlyRm /usr/lib/node_modules/mongodb is being purged from base /usr/lib/node_modules/mongodb
94 verbose gentlyRm don't care about contents; nuking /usr/lib/node_modules/mongodb
